tplt/proguard/seeds.txt
com.hanaone.tplt.HelpActivity
com.hanaone.tplt.HelpActivity: HelpActivity()
com.hanaone.tplt.HelpActivity: void onClick(android.view.View)
com.hanaone.tplt.MainActivity
com.hanaone.tplt.MainActivity: MainActivity()
com.hanaone.tplt.MainActivity: void onClick(android.view.View)
com.hanaone.tplt.QuestionActivity
com.hanaone.tplt.QuestionActivity: QuestionActivity()
com.hanaone.tplt.QuestionActivity: void onClick(android.view.View)
com.hanaone.tplt.QuestionSlideFragment$1: void onClick(android.view.View)
com.hanaone.tplt.QuestionSlideFragment$2: void onClick(android.view.View)
com.hanaone.tplt.QuestionSlideFragment$3: void onClick(android.view.View)
com.hanaone.tplt.QuestionSlideFragment$4: void onClick(android.view.View)
com.hanaone.tplt.QuestionSlideFragment$5: void onClick(android.view.View)
com.hanaone.tplt.QuestionSlideFragment$6: void onClick(android.view.View)
com.hanaone.tplt.ResultActivity
com.hanaone.tplt.ResultActivity: ResultActivity()
com.hanaone.tplt.ResultActivity: void onClick(android.view.View)
com.hanaone.tplt.SelectionActivity
com.hanaone.tplt.SelectionActivity: SelectionActivity()
com.hanaone.tplt.SelectionActivity: void onClick(android.view.View)
com.hanaone.tplt.adapter.ListExamAdapter$2: void onClick(android.view.View)
com.hanaone.tplt.adapter.ListExamAdapter$3: void onClick(android.view.View)
com.hanaone.tplt.adapter.ListExamAdapter$4: void onClick(android.view.View)
com.hanaone.tplt.adapter.ListExamAdapter$5: void onClick(android.view.View)
com.hanaone.tplt.adapter.ListExamAdapter$6: void onClick(android.content.DialogInterface,int)
com.hanaone.tplt.adapter.ListExamAdapter$7: void onClick(android.content.DialogInterface,int)
com.hanaone.tplt.adapter.ListSectionAdapter$1: void onClick(android.view.View)
com.hanaone.tplt.adapter.ListSectionAdapter$2: void onClick(android.view.View)
com.hanaone.tplt.adapter.ListSectionAdapter$3: void onClick(android.view.View)
com.hanaone.tplt.adapter.ListSectionAdapter$4: void onClick(android.view.View)
com.hanaone.tplt.adapter.ListSectionAdapter$5: void onClick(android.view.View)
com.hanaone.tplt.adapter.ListSectionAdapter$6: void onClick(android.view.View)
com.hanaone.tplt.adapter.ListSectionAdapter$7: void onClick(android.view.View)
com.hanaone.tplt.adapter.ListSectionAdapter$8: void onClick(android.view.View)
com.hanaone.tplt.db.ChoiceDataSet
com.hanaone.tplt.db.ChoiceDataSet: int id
com.hanaone.tplt.db.ChoiceDataSet: int number
com.hanaone.tplt.db.ChoiceDataSet: java.lang.String label
com.hanaone.tplt.db.ChoiceDataSet: java.lang.String text
com.hanaone.tplt.db.ChoiceDataSet: android.os.Parcelable$Creator CREATOR
com.hanaone.tplt.db.ChoiceDataSet: void <clinit>()
com.hanaone.tplt.db.ChoiceDataSet: ChoiceDataSet()
com.hanaone.tplt.db.ChoiceDataSet: int getId()
com.hanaone.tplt.db.ChoiceDataSet: void setId(int)
com.hanaone.tplt.db.ChoiceDataSet: int getNumber()
com.hanaone.tplt.db.ChoiceDataSet: void setNumber(int)
com.hanaone.tplt.db.ChoiceDataSet: java.lang.String getLabel()
com.hanaone.tplt.db.ChoiceDataSet: void setLabel(java.lang.String)
com.hanaone.tplt.db.ChoiceDataSet: java.lang.String getText()
com.hanaone.tplt.db.ChoiceDataSet: void setText(java.lang.String)
com.hanaone.tplt.db.ChoiceDataSet: int describeContents()
com.hanaone.tplt.db.ChoiceDataSet: void writeToParcel(android.os.Parcel,int)
com.hanaone.tplt.db.ChoiceDataSet: ChoiceDataSet(android.os.Parcel)
com.hanaone.tplt.db.ChoiceDataSet: ChoiceDataSet(android.os.Parcel,com.hanaone.tplt.db.ChoiceDataSet)
com.hanaone.tplt.db.ChoiceDataSet$1
com.hanaone.tplt.db.ChoiceDataSet$1: ChoiceDataSet$1()
com.hanaone.tplt.db.ChoiceDataSet$1: com.hanaone.tplt.db.ChoiceDataSet createFromParcel(android.os.Parcel)
com.hanaone.tplt.db.ChoiceDataSet$1: com.hanaone.tplt.db.ChoiceDataSet[] newArray(int)
com.hanaone.tplt.db.ChoiceDataSet$1: java.lang.Object createFromParcel(android.os.Parcel)
com.hanaone.tplt.db.ChoiceDataSet$1: java.lang.Object[] newArray(int)
...
android.support.v4.media.session.MediaSessionCompat$QueueItem
android.support.v4.media.session.MediaSessionCompat$QueueItem: android.os.Parcelable$Creator CREATOR
android.support.v4.media.session.MediaSessionCompat$ResultReceiverWrapper
android.support.v4.media.session.MediaSessionCompat$ResultReceiverWrapper: android.os.Parcelable$Creator CREATOR
android.support.v4.media.session.MediaSessionCompat$Token
android.support.v4.media.session.MediaSessionCompat$Token: android.os.Parcelable$Creator CREATOR
android.support.v4.media.session.ParcelableVolumeInfo
android.support.v4.media.session.ParcelableVolumeInfo: android.os.Parcelable$Creator CREATOR
android.support.v4.media.session.PlaybackStateCompat
android.support.v4.media.session.PlaybackStateCompat: android.os.Parcelable$Creator CREATOR
android.support.v4.media.session.PlaybackStateCompat$CustomAction
android.support.v4.media.session.PlaybackStateCompat$CustomAction: android.os.Parcelable$Creator CREATOR
android.support.v4.os.ResultReceiver
android.support.v4.os.ResultReceiver: android.os.Parcelable$Creator CREATOR
android.support.v4.view.PagerTabStrip
android.support.v4.view.PagerTabStrip: PagerTabStrip(android.content.Context,android.util.AttributeSet)
android.support.v4.view.PagerTabStrip$1: void onClick(android.view.View)
android.support.v4.view.PagerTabStrip$2: void onClick(android.view.View)
android.support.v4.view.PagerTitleStrip
android.support.v4.view.PagerTitleStrip: PagerTitleStrip(android.content.Context,android.util.AttributeSet)
android.support.v4.view.ViewPager
android.support.v4.view.ViewPager: ViewPager(android.content.Context)
android.support.v4.view.ViewPager: ViewPager(android.content.Context,android.util.AttributeSet)
android.support.v4.view.ViewPager$LayoutParams
android.support.v4.view.ViewPager$LayoutParams: ViewPager$LayoutParams(android.content.Context,android.util.AttributeSet)
android.support.v4.view.ViewPager$SavedState
android.support.v4.view.ViewPager$SavedState: android.os.Parcelable$Creator CREATOR
android.support.v4.widget.ContentLoadingProgressBar
android.support.v4.widget.ContentLoadingProgressBar: ContentLoadingProgressBar(android.content.Context,android.util.AttributeSet)
android.support.v4.widget.DrawerLayout
android.support.v4.widget.DrawerLayout: DrawerLayout(android.content.Context,android.util.AttributeSet)
android.support.v4.widget.DrawerLayout: DrawerLayout(android.content.Context,android.util.AttributeSet,int)
android.support.v4.widget.DrawerLayout$LayoutParams
android.support.v4.widget.DrawerLayout$LayoutParams: DrawerLayout$LayoutParams(android.content.Context,android.util.AttributeSet)
android.support.v4.widget.DrawerLayout$SavedState
android.support.v4.widget.DrawerLayout$SavedState: android.os.Parcelable$Creator CREATOR
android.support.v4.widget.NestedScrollView
android.support.v4.widget.NestedScrollView: NestedScrollView(android.content.Context,android.util.AttributeSet)
android.support.v4.widget.NestedScrollView: NestedScrollView(android.content.Context,android.util.AttributeSet,int)
android.support.v4.widget.NestedScrollView$SavedState
android.support.v4.widget.NestedScrollView$SavedState: android.os.Parcelable$Creator CREATOR
android.support.v4.widget.SlidingPaneLayout
android.support.v4.widget.SlidingPaneLayout: SlidingPaneLayout(android.content.Context,android.util.AttributeSet)
android.support.v4.widget.SlidingPaneLayout: SlidingPaneLayout(android.content.Context,android.util.AttributeSet,int)
android.support.v4.widget.SlidingPaneLayout$LayoutParams
android.support.v4.widget.SlidingPaneLayout$LayoutParams: SlidingPaneLayout$LayoutParams(android.content.Context,android.util.AttributeSet)
android.support.v4.widget.SlidingPaneLayout$SavedState
android.support.v4.widget.SlidingPaneLayout$SavedState: android.os.Parcelable$Creator CREATOR