tplt/proguard/mapping.txt
com.hanaone.tplt.Constants -> com.hanaone.tplt.a:
    java.lang.String PATH -> a
    java.lang.String getRootPath(android.content.Context) -> a
    java.lang.String getPath(android.content.Context,java.lang.String) -> a
com.hanaone.tplt.HelpActivity -> com.hanaone.tplt.HelpActivity:
    android.content.Context mContext -> a
    android.widget.Spinner spLanguage -> b
    boolean userIsInteracting -> c
    void onCreate(android.os.Bundle) -> onCreate
    void onUserInteraction() -> onUserInteraction
    void onClick(android.view.View) -> onClick
    android.content.Intent getShareIntent(java.lang.String,java.lang.String,java.lang.String) -> a
    void setLocale(java.lang.String) -> a
    android.content.Context access$0(com.hanaone.tplt.HelpActivity) -> a
    boolean access$1(com.hanaone.tplt.HelpActivity) -> b
    void access$2(com.hanaone.tplt.HelpActivity,java.lang.String) -> a
    void access$3$795eca40(com.hanaone.tplt.HelpActivity) -> c
com.hanaone.tplt.HelpActivity$1 -> com.hanaone.tplt.b:
    com.hanaone.tplt.HelpActivity this$0 -> a
    void onCheckedChanged(android.widget.CompoundButton,boolean) -> onCheckedChanged
com.hanaone.tplt.HelpActivity$2 -> com.hanaone.tplt.c:
    com.hanaone.tplt.HelpActivity this$0 -> a
    void onCheckedChanged(android.widget.CompoundButton,boolean) -> onCheckedChanged
com.hanaone.tplt.HelpActivity$3 -> com.hanaone.tplt.d:
    com.hanaone.tplt.HelpActivity this$0 -> a
    void onItemSelected(android.widget.AdapterView,android.view.View,int,long) -> onItemSelected
    void onNothingSelected(android.widget.AdapterView) -> onNothingSelected
com.hanaone.tplt.MainActivity -> com.hanaone.tplt.MainActivity:
    android.content.Context mContext -> a
    com.hanaone.tplt.adapter.DatabaseAdapter dbAdapter -> b
    android.widget.ListView listExam -> c
    java.util.List list -> d
    java.util.List infos -> e
    com.hanaone.tplt.adapter.ListExamAdapter adapter -> f
    android.widget.ImageView imgSync -> g
    android.widget.LinearLayout layoutSync -> h
    com.hanaone.tplt.adapter.ListLevelListener mListener -> i
    void onCreate(android.os.Bundle) -> onCreate
    void onResume() -> onResume
    void onNewIntent(android.content.Intent) -> onNewIntent
    void onClick(android.view.View) -> onClick
    void onBackPressed() -> onBackPressed
    android.content.Context access$0(com.hanaone.tplt.MainActivity) -> a
    com.hanaone.tplt.adapter.DatabaseAdapter access$1(com.hanaone.tplt.MainActivity) -> b
    java.util.List access$2(com.hanaone.tplt.MainActivity) -> c
    java.util.List access$3(com.hanaone.tplt.MainActivity) -> d
    com.hanaone.tplt.adapter.ListExamAdapter access$4(com.hanaone.tplt.MainActivity) -> e
    android.widget.ImageView access$5(com.hanaone.tplt.MainActivity) -> f
    android.widget.LinearLayout access$6(com.hanaone.tplt.MainActivity) -> g
com.hanaone.tplt.MainActivity$1 -> com.hanaone.tplt.e:
    com.hanaone.tplt.MainActivity this$0 -> a
    void onSelect(int,java.lang.String) -> a
com.hanaone.tplt.MainActivity$LoadingNewData -> com.hanaone.tplt.f:
    com.hanaone.tplt.MainActivity this$0 -> a
    java.lang.Void doInBackground$10299ca() -> a
    void onPreExecute() -> onPreExecute
    void onPostExecute(java.lang.Object) -> onPostExecute
    java.lang.Object doInBackground(java.lang.Object[]) -> doInBackground
    void onProgressUpdate(java.lang.Object[]) -> onProgressUpdate
...
android.support.v4.view.ViewPager$SavedState -> android.support.v4.view.ViewPager$SavedState:
    int position -> a
    android.os.Parcelable adapterState -> b
    java.lang.ClassLoader loader -> c
    android.os.Parcelable$Creator CREATOR -> CREATOR
    void writeToParcel(android.os.Parcel,int) -> writeToParcel
    java.lang.String toString() -> toString
android.support.v4.view.ViewPager$SavedState$1 -> android.support.v4.view.aA:
    java.lang.Object[] newArray(int) -> a
    java.lang.Object createFromParcel(android.os.Parcel,java.lang.ClassLoader) -> a
android.support.v4.view.ViewPager$ViewPositionComparator -> android.support.v4.view.aB:
    int compare(java.lang.Object,java.lang.Object) -> compare
android.support.v4.view.ViewParentCompat -> android.support.v4.view.aC:
    android.support.v4.view.ViewParentCompat$ViewParentCompatImpl IMPL -> a
    boolean onStartNestedScroll(android.view.ViewParent,android.view.View,android.view.View,int) -> a
    void onNestedScrollAccepted(android.view.ViewParent,android.view.View,android.view.View,int) -> b
    void onStopNestedScroll(android.view.ViewParent,android.view.View) -> a
    void onNestedScroll(android.view.ViewParent,android.view.View,int,int,int,int) -> a
    void onNestedPreScroll(android.view.ViewParent,android.view.View,int,int,int[]) -> a
    boolean onNestedFling(android.view.ViewParent,android.view.View,float,float,boolean) -> a
    boolean onNestedPreFling(android.view.ViewParent,android.view.View,float,float) -> a
android.support.v4.view.ViewParentCompat$ViewParentCompatICSImpl -> android.support.v4.view.aD:
android.support.v4.view.ViewParentCompat$ViewParentCompatImpl -> android.support.v4.view.aE:
    boolean onStartNestedScroll(android.view.ViewParent,android.view.View,android.view.View,int) -> a
    void onNestedScrollAccepted(android.view.ViewParent,android.view.View,android.view.View,int) -> b
    void onStopNestedScroll(android.view.ViewParent,android.view.View) -> a
    void onNestedScroll(android.view.ViewParent,android.view.View,int,int,int,int) -> a
    void onNestedPreScroll(android.view.ViewParent,android.view.View,int,int,int[]) -> a
    boolean onNestedFling(android.view.ViewParent,android.view.View,float,float,boolean) -> a
    boolean onNestedPreFling(android.view.ViewParent,android.view.View,float,float) -> a
android.support.v4.view.ViewParentCompat$ViewParentCompatKitKatImpl -> android.support.v4.view.aF:
android.support.v4.view.ViewParentCompat$ViewParentCompatLollipopImpl -> android.support.v4.view.aG:
    boolean onStartNestedScroll(android.view.ViewParent,android.view.View,android.view.View,int) -> a
    void onNestedScrollAccepted(android.view.ViewParent,android.view.View,android.view.View,int) -> b
    void onStopNestedScroll(android.view.ViewParent,android.view.View) -> a
    void onNestedScroll(android.view.ViewParent,android.view.View,int,int,int,int) -> a
    void onNestedPreScroll(android.view.ViewParent,android.view.View,int,int,int[]) -> a
    boolean onNestedFling(android.view.ViewParent,android.view.View,float,float,boolean) -> a
    boolean onNestedPreFling(android.view.ViewParent,android.view.View,float,float) -> a
android.support.v4.view.ViewParentCompat$ViewParentCompatStubImpl -> android.support.v4.view.aH:
    boolean onStartNestedScroll(android.view.ViewParent,android.view.View,android.view.View,int) -> a
    void onNestedScrollAccepted(android.view.ViewParent,android.view.View,android.view.View,int) -> b
    void onStopNestedScroll(android.view.ViewParent,android.view.View) -> a
    void onNestedScroll(android.view.ViewParent,android.view.View,int,int,int,int) -> a
    void onNestedPreScroll(android.view.ViewParent,android.view.View,int,int,int[]) -> a
    boolean onNestedFling(android.view.ViewParent,android.view.View,float,float,boolean) -> a
    boolean onNestedPreFling(android.view.ViewParent,android.view.View,float,float) -> a