tplt/proguard/usage.txt
com.hanaone.tplt.BuildConfig
com.hanaone.tplt.Constants:
    public static final java.lang.String REMOTE_CONFIG_FILE_JSON
    public static final java.lang.String FILE_TYPE_PDF
    public static final java.lang.String FILE_TYPE_TXT
    public static final java.lang.String FILE_TYPE_MP3
    public static final java.lang.String FILE_TYPE_IMG
    public static final java.lang.String LEVEL_ID
    public static final java.lang.String LEVEL_NAME
    public static final java.lang.String LEVEL
    public static final java.lang.String SELECTION_MODE
    public static final java.lang.String SELECTION_MODE_EXAM
    public static final java.lang.String SELECTION_MODE_SAMPLE
    public static final java.lang.String QUESTION_MODE
    public static final java.lang.String QUESTION_MODE_PRACTICE
    public static final java.lang.String QUESTION_MODE_EXAM
    public static final java.lang.String QUESTION_MODE_REVIEW
    public static final java.lang.String QUESTION_MODE_SAMPLE_BEGINNER
    public static final java.lang.String QUESTION_MODE_SAMPLE_INTERMEDIATE
    public static final java.lang.String QUESTION_MODE_SAMPLE_ADVANCED
    public static final java.lang.String LIST_CHOICES
    public static final java.lang.String LIST_ANSWERS
    public static final java.lang.String LIST_SECTIONS
    public static final java.lang.String RESULT
    public static final java.lang.String LIST_RESULT
    public static final java.lang.String SECTION_INDEX
    public static final java.lang.String PATH_ROOT
com.hanaone.tplt.MainActivity:
    private static final java.lang.String TAG
com.hanaone.tplt.QuestionActivity:
    private static final int HANDLE_STOP_AUDIO
    private static final int HANDLE_PLAY_AUDIO
    private static final int HANDLE_PLAY_LIST
com.hanaone.tplt.QuestionSlideFragment:
    private static final java.lang.String ARG_PAGE
com.hanaone.tplt.R:
    10:10:public R()
com.hanaone.tplt.R$anim
com.hanaone.tplt.R$array
com.hanaone.tplt.R$attr
com.hanaone.tplt.R$color
com.hanaone.tplt.R$dimen
com.hanaone.tplt.R$drawable
com.hanaone.tplt.R$id
com.hanaone.tplt.R$layout
com.hanaone.tplt.R$string
com.hanaone.tplt.R$style
com.hanaone.tplt.R$styleable:
    public static final int SwitchButton_kswAnimationDuration
    public static final int SwitchButton_kswBackColor
    public static final int SwitchButton_kswBackDrawable
    public static final int SwitchButton_kswBackMeasureRatio
    public static final int SwitchButton_kswBackRadius
    public static final int SwitchButton_kswFadeBack
    public static final int SwitchButton_kswThumbColor
    public static final int SwitchButton_kswThumbDrawable
    public static final int SwitchButton_kswThumbHeight
    public static final int SwitchButton_kswThumbMargin
    public static final int SwitchButton_kswThumbMarginBottom
    public static final int SwitchButton_kswThumbMarginLeft
    public static final int SwitchButton_kswThumbMarginRight
    public static final int SwitchButton_kswThumbMarginTop
    public static final int SwitchButton_kswThumbRadius
    public static final int SwitchButton_kswThumbWidth
    public static final int SwitchButton_kswTintColor
    386:386:public R$styleable()
...
android.support.v4.view.ViewCompat$LollipopViewCompatImpl:
    1502:1503:public void setTransitionName(android.view.View,java.lang.String)
    1507:1507:public java.lang.String getTransitionName(android.view.View)
    1512:1513:public void requestApplyInsets(android.view.View)
    1527:1528:public void setTranslationZ(android.view.View,float)
    1532:1532:public float getTranslationZ(android.view.View)
    1537:1538:public void setOnApplyWindowInsetsListener(android.view.View,android.support.v4.view.OnApplyWindowInsetsListener)
    1542:1543:public void setNestedScrollingEnabled(android.view.View,boolean)
    1547:1547:public boolean isNestedScrollingEnabled(android.view.View)
    1552:1552:public boolean startNestedScroll(android.view.View,int)
    1562:1562:public boolean hasNestedScrollingParent(android.view.View)
    1568:1568:public boolean dispatchNestedScroll(android.view.View,int,int,int,int,int[])
    1575:1575:public boolean dispatchNestedPreScroll(android.view.View,int,int,int[],int[])
    1582:1582:public boolean dispatchNestedFling(android.view.View,float,float,boolean)
    1587:1587:public boolean dispatchNestedPreFling(android.view.View,float,float)
    1592:1592:public boolean isImportantForAccessibility(android.view.View)
    1597:1597:public android.content.res.ColorStateList getBackgroundTintList(android.view.View)
    1602:1603:public void setBackgroundTintList(android.view.View,android.content.res.ColorStateList)
android.support.v4.view.ViewCompat$MarshmallowViewCompatImpl:
    1634:1635:public void setScrollIndicators(android.view.View,int)
    1639:1640:public void setScrollIndicators(android.view.View,int,int)
    1644:1644:public int getScrollIndicators(android.view.View)
android.support.v4.view.ViewCompat$OverScroll
android.support.v4.view.ViewCompat$ResolvedLayoutDirectionMode
android.support.v4.view.ViewCompat$ScrollIndicators
android.support.v4.view.ViewCompat$ViewCompatImpl:
    public abstract boolean canScrollVertically(android.view.View,int)
    public abstract void setOverScrollMode(android.view.View,int)
    public abstract void onInitializeAccessibilityEvent(android.view.View,android.view.accessibility.AccessibilityEvent)
    public abstract void onPopulateAccessibilityEvent(android.view.View,android.view.accessibility.AccessibilityEvent)
    public abstract void onInitializeAccessibilityNodeInfo(android.view.View,android.support.v4.view.accessibility.AccessibilityNodeInfoCompat)
    public abstract boolean hasAccessibilityDelegate(android.view.View)
    public abstract boolean hasTransientState(android.view.View)
    public abstract void setHasTransientState(android.view.View,boolean)
    public abstract void postOnAnimationDelayed(android.view.View,java.lang.Runnable,long)
    public abstract boolean isImportantForAccessibility(android.view.View)
    public abstract boolean performAccessibilityAction(android.view.View,int,android.os.Bundle)
    public abstract android.support.v4.view.accessibility.AccessibilityNodeProviderCompat getAccessibilityNodeProvider(android.view.View)
    public abstract float getAlpha(android.view.View)
    public abstract int getLabelFor(android.view.View)
    public abstract void setLabelFor(android.view.View,int)
    public abstract void setLayoutDirection(android.view.View,int)
android.support.v4.view.ViewCompatBase
android.support.v4.view.ViewCompatEclairMr1:
    public static final java.lang.String TAG
    private static java.lang.reflect.Method sChildrenDrawingOrderMethod
    27:27:ViewCompatEclairMr1()
    37:55:public static void setChildrenDrawingOrderEnabled(android.view.ViewGroup,boolean)
android.support.v4.view.ViewCompatGingerbread:
    21:21:ViewCompatGingerbread()
    27:28:public static void setOverScrollMode(android.view.View,int)